<?xml version="1.0" encoding="UTF-8"?>
<!-- Generated by org.testng.reporters.JUnitReportReporter -->
<testsuite hostname="DESKTOP-UK172U2" name="script.ValidLoginLogout" tests="2" failures="0" timestamp="6 May 2017 10:45:16 GMT" time="54.743" errors="0">
  <testcase name="testValidLoginLogout" time="30.164" classname="script.ValidLoginLogout"/>
  <testcase name="testValidLoginLogout" time="24.579" classname="script.ValidLoginLogout"/>
</testsuite> <!-- script.ValidLoginLogout -->
