<?xml version="1.0" encoding="UTF-8"?>
<!-- Generated by org.testng.reporters.JUnitReportReporter -->
<testsuite hostname="DESKTOP-UK172U2" name="script.VerifyVersion" tests="2" failures="0" timestamp="6 May 2017 10:45:16 GMT" time="27.591" errors="0">
  <testcase name="testVerifyVersion" time="17.271" classname="script.VerifyVersion"/>
  <testcase name="testVerifyVersion" time="10.320" classname="script.VerifyVersion"/>
</testsuite> <!-- script.VerifyVersion -->
