<?xml version="1.0" encoding="UTF-8"?>
<!-- Generated by org.testng.reporters.JUnitReportReporter -->
<testsuite hostname="DESKTOP-UK172U2" name="script.InvalidLogin" tests="2" failures="0" timestamp="6 May 2017 10:45:16 GMT" time="55.327" errors="0">
  <testcase name="testInvalidLogin" time="25.651" classname="script.InvalidLogin"/>
  <testcase name="testInvalidLogin" time="29.676" classname="script.InvalidLogin"/>
</testsuite> <!-- script.InvalidLogin -->
